{"level":"info","message":"POST /auth/register 200 131 0.420ms","tag":"API"}
{"level":"info","message":"Server is running at http://localhost:3070","tag":"SERVER"}
{"level":"info","message":"POST /auth/register 200 131 2.510ms","tag":"API"}
{"level":"info","message":"Server is running at http://localhost:3070","tag":"SERVER"}
{"level":"info","message":"Server is running at http://localhost:3070","tag":"SERVER"}
{"level":"info","message":"Server is running at http://localhost:3070","tag":"SERVER"}
{"level":"info","message":"Server is running at http://localhost:3070","tag":"SERVER"}
{"level":"info","message":"Server is running at http://localhost:3070","tag":"SERVER"}
{"level":"info","message":"Server is running at http://localhost:3070","tag":"SERVER"}
{"level":"info","message":"Server is running at http://localhost:3070","tag":"SERVER"}
{"level":"info","message":"Server is running at http://localhost:3070","tag":"SERVER"}
{"level":"info","message":"Server is running at http://localhost:3070","tag":"SERVER"}
{"level":"info","message":"Server is running at http://localhost:3070","tag":"SERVER"}
{"level":"info","message":"Server is running at http://localhost:3070","tag":"SERVER"}
{"level":"info","message":"Server is running at http://localhost:3070","tag":"SERVER"}
{"level":"info","message":"Server is running at http://localhost:3070","tag":"SERVER"}
{"level":"info","message":"Server is running at http://localhost:3070","tag":"SERVER"}
{"level":"info","message":"Server is running at http://localhost:3070","tag":"SERVER"}
{"level":"info","message":"Server is running at http://localhost:3070","tag":"SERVER"}
{"level":"info","message":"Server is running at http://localhost:3070","tag":"SERVER"}
{"level":"info","message":"Server is running at http://localhost:3070","tag":"SERVER"}
{"level":"info","message":"Server is running at http://localhost:3070","tag":"SERVER"}
{"level":"info","message":"POST /auth/register 200 131 3.939ms","tag":"API"}
{"level":"info","message":"Server is running at http://localhost:3070","tag":"SERVER"}
{"level":"info","message":"Server is running at http://localhost:3070","tag":"SERVER"}
{"level":"info","message":"Server is running at http://localhost:3070","tag":"SERVER"}
{"level":"info","message":"Server is running at http://localhost:3070","tag":"SERVER"}
{"level":"info","message":"Server is running at http://localhost:3070","tag":"SERVER"}
{"level":"info","message":"Server is running at http://localhost:3070","tag":"SERVER"}
{"level":"info","message":"Server is running at http://localhost:3070","tag":"SERVER"}
{"level":"info","message":"POST /auth/register 400 388 74.387ms","tag":"API"}
{"level":"info","message":"POST /auth/register 400 388 17.879ms","tag":"API"}
{"level":"info","message":"Server is running at http://localhost:3070","tag":"SERVER"}
{"level":"info","message":"POST /auth/register 200 339 73.096ms","tag":"API"}
{"level":"info","message":"Server is running at http://localhost:3070","tag":"SERVER"}
{"level":"info","message":"POST /auth/register 400 388 32.530ms","tag":"API"}
{"level":"info","message":"POST /auth/register 200 339 33.697ms","tag":"API"}
{"level":"info","message":"Server is running at http://localhost:3070","tag":"SERVER"}
{"level":"info","message":"Server is running at http://localhost:3070","tag":"SERVER"}
{"level":"info","message":"Server is running at http://localhost:3070","tag":"SERVER"}
{"level":"info","message":"Server is running at http://localhost:3070","tag":"SERVER"}
{"level":"info","message":"Server is running at http://localhost:3070","tag":"SERVER"}
{"level":"info","message":"Server is running at http://localhost:3070","tag":"SERVER"}
{"level":"info","message":"Server is running at http://localhost:3070","tag":"SERVER"}
{"level":"info","message":"Server is running at http://localhost:3070","tag":"SERVER"}
{"level":"info","message":"Server is running at http://localhost:3070","tag":"SERVER"}
{"level":"info","message":"Server is running at http://localhost:3070","tag":"SERVER"}
{"level":"info","message":"Server is running at http://localhost:3070","tag":"SERVER"}
{"level":"info","message":"Server is running at http://localhost:3070","tag":"SERVER"}
{"level":"info","message":"Server is running at http://localhost:3070","tag":"SERVER"}
{"level":"info","message":"Server is running at http://localhost:3070","tag":"SERVER"}
{"level":"info","message":"Server is running at http://localhost:3070","tag":"SERVER"}
{"level":"info","message":"Server is running at http://localhost:3070","tag":"SERVER"}
{"level":"info","message":"Server is running at http://localhost:3070","tag":"SERVER"}
{"level":"info","message":"Server is running at http://localhost:3070","tag":"SERVER"}
{"level":"info","message":"Server is running at http://localhost:3070","tag":"SERVER"}
{"level":"info","message":"Server is running at http://localhost:3070","tag":"SERVER"}
{"level":"info","message":"Server is running at http://localhost:3070","tag":"SERVER"}
{"level":"info","message":"Server is running at http://localhost:3070","tag":"SERVER"}
{"level":"info","message":"Server is running at http://localhost:3070","tag":"SERVER"}
{"level":"info","message":"Server is running at http://localhost:3070","tag":"SERVER"}
{"level":"info","message":"Server is running at http://localhost:3070","tag":"SERVER"}
{"level":"info","message":"Server is running at http://localhost:3070","tag":"SERVER"}
{"level":"info","message":"Server is running at http://localhost:3070","tag":"SERVER"}
{"level":"info","message":"Server is running at http://localhost:3070","tag":"SERVER"}
{"level":"info","message":"Server is running at http://localhost:3070","tag":"SERVER"}
{"level":"info","message":"Server is running at http://localhost:3070","tag":"SERVER"}
{"level":"info","message":"Server is running at http://localhost:3070","tag":"SERVER"}
{"level":"info","message":"Server is running at http://localhost:3070","tag":"SERVER"}
{"level":"info","message":"Server is running at http://localhost:3070","tag":"SERVER"}
{"level":"info","message":"Server is running at http://localhost:3070","tag":"SERVER"}
{"level":"info","message":"Server is running at http://localhost:3070","tag":"SERVER"}
{"level":"info","message":"Server is running at http://localhost:3070","tag":"SERVER"}
{"level":"info","message":"Server is running at http://localhost:3070","tag":"SERVER"}
{"level":"info","message":"Server is running at http://localhost:3070","tag":"SERVER"}
{"level":"info","message":"Server is running at http://localhost:3070","tag":"SERVER"}
{"level":"info","message":"POST /auth/register 400 388 50.352ms","tag":"API"}
{"level":"info","message":"POST /auth/register 500 356 7.539ms","tag":"API"}
{"level":"info","message":"Server is running at http://localhost:3070","tag":"SERVER"}
{"level":"info","message":"Server is running at http://localhost:3070","tag":"SERVER"}
{"level":"info","message":"Server is running at http://localhost:3070","tag":"SERVER"}
{"level":"info","message":"Server is running at http://localhost:3070","tag":"SERVER"}
{"level":"info","message":"Server is running at http://localhost:3070","tag":"SERVER"}
{"level":"info","message":"Server is running at http://localhost:3070","tag":"SERVER"}
{"level":"info","message":"Server is running at http://localhost:3070","tag":"SERVER"}
{"level":"info","message":"Server is running at http://localhost:3070","tag":"SERVER"}
{"level":"info","message":"Server is running at http://localhost:3070","tag":"SERVER"}
{"level":"info","message":"Server is running at http://localhost:3070","tag":"SERVER"}
{"level":"info","message":"Server is running at http://localhost:3070","tag":"SERVER"}
{"level":"info","message":"Server is running at http://localhost:3070","tag":"SERVER"}
{"level":"info","message":"Server is running at http://localhost:3070","tag":"SERVER"}
{"level":"info","message":"Server is running at http://localhost:3070","tag":"SERVER"}
{"level":"info","message":"Server is running at http://localhost:3070","tag":"SERVER"}
{"level":"info","message":"Server is running at http://localhost:3070","tag":"SERVER"}
{"level":"info","message":"Server is running at http://localhost:3070","tag":"SERVER"}
{"level":"info","message":"Server is running at http://localhost:3070","tag":"SERVER"}
{"level":"info","message":"Server is running at http://localhost:3070","tag":"SERVER"}
{"level":"info","message":"Server is running at http://localhost:3070","tag":"SERVER"}
{"level":"info","message":"Server is running at http://localhost:3070","tag":"SERVER"}
{"level":"info","message":"Server is running at http://localhost:3070","tag":"SERVER"}
{"level":"info","message":"Server is running at http://localhost:3070","tag":"SERVER"}
{"level":"info","message":"Server is running at http://localhost:3070","tag":"SERVER"}
{"level":"info","message":"Server is running at http://localhost:3070","tag":"SERVER"}
{"level":"info","message":"Server is running at http://localhost:3070","tag":"SERVER"}
{"level":"info","message":"Server is running at http://localhost:3070","tag":"SERVER"}
{"level":"info","message":"Server is running at http://localhost:3070","tag":"SERVER"}
{"level":"info","message":"Server is running at http://localhost:3070","tag":"SERVER"}
{"level":"info","message":"Server is running at http://localhost:3070","tag":"SERVER"}
{"level":"info","message":"Server is running at http://localhost:3070","tag":"SERVER"}
{"level":"info","message":"Server is running at http://localhost:3070","tag":"SERVER"}
{"level":"info","message":"Server is running at http://localhost:3070","tag":"SERVER"}
{"level":"info","message":"Server is running at http://localhost:3070","tag":"SERVER"}
{"level":"info","message":"Server is running at http://localhost:3070","tag":"SERVER"}
{"level":"info","message":"Server is running at http://localhost:3070","tag":"SERVER"}
{"level":"info","message":"Server is running at http://localhost:3070","tag":"SERVER"}
{"level":"info","message":"Server is running at http://localhost:3070","tag":"SERVER"}
{"level":"info","message":"Server is running at http://localhost:3070","tag":"SERVER"}
{"level":"info","message":"Server is running at http://localhost:3070","tag":"SERVER"}
{"level":"info","message":"Server is running at http://localhost:3070","tag":"SERVER"}
{"level":"info","message":"Server is running at http://localhost:3070","tag":"SERVER"}
{"level":"info","message":"Server is running at http://localhost:3070","tag":"SERVER"}
{"level":"info","message":"Server is running at http://localhost:3070","tag":"SERVER"}
{"level":"info","message":"Server is running at http://localhost:3070","tag":"SERVER"}
{"level":"info","message":"Server is running at http://localhost:3070","tag":"SERVER"}
{"level":"info","message":"Server is running at http://localhost:3070","tag":"SERVER"}
{"level":"info","message":"Server is running at http://localhost:3070","tag":"SERVER"}
{"level":"info","message":"Server is running at http://localhost:3070","tag":"SERVER"}
{"level":"info","message":"Server is running at http://localhost:3070","tag":"SERVER"}
{"level":"info","message":"Server is running at http://localhost:3070","tag":"SERVER"}
{"level":"info","message":"Server is running at http://localhost:3070","tag":"SERVER"}
{"level":"info","message":"Server is running at http://localhost:3070","tag":"SERVER"}
{"level":"info","message":"Server is running at http://localhost:3070","tag":"SERVER"}
{"level":"info","message":"Server is running at http://localhost:3070","tag":"SERVER"}
{"level":"info","message":"Server is running at http://localhost:3070","tag":"SERVER"}
{"level":"info","message":"Server is running at http://localhost:3070","tag":"SERVER"}
{"level":"info","message":"Server is running at http://localhost:3070","tag":"SERVER"}
{"level":"info","message":"Server is running at http://localhost:3070","tag":"SERVER"}
{"level":"info","message":"Server is running at http://localhost:3070","tag":"SERVER"}
{"level":"info","message":"Server is running at http://localhost:3070","tag":"SERVER"}
{"level":"info","message":"Server is running at http://localhost:3070","tag":"SERVER"}
{"level":"info","message":"Server is running at http://localhost:3070","tag":"SERVER"}
{"level":"info","message":"Server is running at http://localhost:3070","tag":"SERVER"}
{"level":"info","message":"Server is running at http://localhost:3070","tag":"SERVER"}
{"level":"info","message":"Server is running at http://localhost:3070","tag":"SERVER"}
{"level":"info","message":"Server is running at http://localhost:3070","tag":"SERVER"}
{"level":"info","message":"Server is running at http://localhost:3070","tag":"SERVER"}
{"level":"info","message":"Server is running at http://localhost:3070","tag":"SERVER"}
{"level":"info","message":"Server is running at http://localhost:3070","tag":"SERVER"}
{"level":"info","message":"Server is running at http://localhost:3070","tag":"SERVER"}
{"level":"info","message":"Server is running at http://localhost:3070","tag":"SERVER"}
{"level":"info","message":"Server is running at http://localhost:3070","tag":"SERVER"}
{"level":"info","message":"Server is running at http://localhost:3070","tag":"SERVER"}
{"level":"info","message":"Server is running at http://localhost:3070","tag":"SERVER"}
{"level":"info","message":"Server is running at http://localhost:3070","tag":"SERVER"}
{"level":"info","message":"Server is running at http://localhost:3070","tag":"SERVER"}
{"level":"info","message":"Server is running at http://localhost:3070","tag":"SERVER"}
{"level":"info","message":"Server is running at http://localhost:3070","tag":"SERVER"}
{"level":"info","message":"Server is running at http://localhost:3070","tag":"SERVER"}
{"level":"info","message":"Server is running at http://localhost:3070","tag":"SERVER"}
{"level":"info","message":"Server is running at http://localhost:3070","tag":"SERVER"}
{"level":"info","message":"Server is running at http://localhost:3070","tag":"SERVER"}
{"level":"info","message":"Server is running at http://localhost:3070","tag":"SERVER"}
{"level":"info","message":"Server is running at http://localhost:3070","tag":"SERVER"}
{"level":"info","message":"Server is running at http://localhost:3070","tag":"SERVER"}
{"level":"info","message":"Server is running at http://localhost:3070","tag":"SERVER"}
{"level":"info","message":"Server is running at http://localhost:3070","tag":"SERVER"}
{"level":"info","message":"Server is running at http://localhost:3070","tag":"SERVER"}
{"level":"info","message":"Server is running at http://localhost:3070","tag":"SERVER"}
{"level":"info","message":"Server is running at http://localhost:3070","tag":"SERVER"}
{"level":"info","message":"Server is running at http://localhost:3070","tag":"SERVER"}
{"level":"info","message":"Server is running at http://localhost:3070","tag":"SERVER"}
{"level":"info","message":"Server is running at http://localhost:3070","tag":"SERVER"}
{"level":"info","message":"Server is running at http://localhost:3070","tag":"SERVER"}
{"level":"info","message":"Server is running at http://localhost:3070","tag":"SERVER"}
{"level":"info","message":"Server is running at http://localhost:3070","tag":"SERVER"}
{"level":"info","message":"Server is running at http://localhost:3070","tag":"SERVER"}
{"level":"info","message":"POST /auth/register 500 1468 7.797ms","tag":"API"}
{"level":"info","message":"POST /auth/register 500 1468 1.083ms","tag":"API"}
{"level":"info","message":"Server is running at http://localhost:3070","tag":"SERVER"}
{"level":"info","message":"Server is running at http://localhost:3070","tag":"SERVER"}
{"level":"info","message":"Server is running at http://localhost:3070","tag":"SERVER"}
{"level":"info","message":"Server is running at http://localhost:3070","tag":"SERVER"}
{"level":"info","message":"POST /auth/register 500 1369 7.819ms","tag":"API"}
{"level":"info","message":"POST /auth/register 500 1369 1.801ms","tag":"API"}
{"level":"info","message":"Server is running at http://localhost:3070","tag":"SERVER"}
{"level":"info","message":"POST /auth/register 200 331 35.102ms","tag":"API"}
{"level":"info","message":"POST /auth/login 400 431 5.793ms","tag":"API"}
{"level":"info","message":"POST /auth/login 200 403 18.182ms","tag":"API"}
{"level":"info","message":"POST /auth/login 200 403 8.564ms","tag":"API"}
{"level":"info","message":"POST /auth/login 200 403 8.495ms","tag":"API"}
{"level":"info","message":"POST /auth/login 200 403 8.403ms","tag":"API"}
{"level":"info","message":"POST /auth/login 400 431 3.416ms","tag":"API"}
{"level":"info","message":"Server is running at http://localhost:3070","tag":"SERVER"}
{"level":"info","message":"Server is running at http://localhost:3070","tag":"SERVER"}
{"level":"info","message":"Server is running at http://localhost:3070","tag":"SERVER"}
{"level":"info","message":"POST /user/updateInfo 404 155 3.258ms","tag":"API"}
{"level":"info","message":"POST /user/updateInfo 404 155 0.809ms","tag":"API"}
{"level":"info","message":"PUT /user/updateInfo 200 122 5.639ms","tag":"API"}
{"level":"info","message":"Server is running at http://localhost:3070","tag":"SERVER"}
{"level":"info","message":"Server is running at http://localhost:3070","tag":"SERVER"}
{"level":"info","message":"PUT /user/updateInfo 200 135 2.217ms","tag":"API"}
{"level":"info","message":"Server is running at http://localhost:3070","tag":"SERVER"}
{"level":"info","message":"PUT /user/updateInfo 401 1397 2.985ms","tag":"API"}
{"level":"info","message":"POST /auth/login 400 431 43.535ms","tag":"API"}
{"level":"info","message":"POST /auth/login 400 431 2.955ms","tag":"API"}
{"level":"info","message":"POST /auth/login 200 403 33.924ms","tag":"API"}
{"level":"info","message":"PUT /user/updateInfo 401 1397 0.900ms","tag":"API"}
{"level":"info","message":"PUT /user/updateInfo 401 1397 0.653ms","tag":"API"}
{"level":"info","message":"PUT /user/updateInfo 500 2963 20.076ms","tag":"API"}
{"level":"info","message":"PUT /user/updateInfo 500 2963 3.629ms","tag":"API"}
{"level":"info","message":"POST /auth/login 200 403 8.617ms","tag":"API"}
{"level":"info","message":"PUT /user/updateInfo 500 2963 3.379ms","tag":"API"}
{"level":"info","message":"Server is running at http://localhost:3070","tag":"SERVER"}
{"level":"info","message":"PUT /user/updateInfo 500 2963 31.002ms","tag":"API"}
{"level":"info","message":"Server is running at http://localhost:3070","tag":"SERVER"}
{"level":"info","message":"Server is running at http://localhost:3070","tag":"SERVER"}
{"level":"info","message":"Server is running at http://localhost:3070","tag":"SERVER"}
{"level":"info","message":"PUT /user/updateInfo 500 2963 23.201ms","tag":"API"}
{"level":"info","message":"Server is running at http://localhost:3070","tag":"SERVER"}
{"level":"info","message":"POST /auth/login 200 403 28.982ms","tag":"API"}
{"level":"info","message":"Server is running at http://localhost:3070","tag":"SERVER"}
{"level":"info","message":"PUT /user/updateInfo 500 2963 25.933ms","tag":"API"}
{"level":"info","message":"Server is running at http://localhost:3070","tag":"SERVER"}
{"level":"info","message":"Server is running at http://localhost:3070","tag":"SERVER"}
{"level":"info","message":"POST /auth/login 200 404 26.511ms","tag":"API"}
{"level":"info","message":"PUT /user/updateInfo 500 2963 11.677ms","tag":"API"}
{"level":"info","message":"Server is running at http://localhost:3070","tag":"SERVER"}
{"level":"info","message":"Server is running at http://localhost:3070","tag":"SERVER"}
{"level":"info","message":"Server is running at http://localhost:3070","tag":"SERVER"}
{"level":"info","message":"Server is running at http://localhost:3070","tag":"SERVER"}
{"level":"info","message":"POST /auth/login 200 404 24.873ms","tag":"API"}
{"level":"info","message":"PUT /user/updateInfo 500 2963 16.024ms","tag":"API"}
{"level":"info","message":"PUT /user/updateInfo 500 2963 4.772ms","tag":"API"}
{"level":"info","message":"Server is running at http://localhost:3070","tag":"SERVER"}
{"level":"info","message":"PUT /user/updateInfo 500 2963 24.994ms","tag":"API"}
{"level":"info","message":"Server is running at http://localhost:3070","tag":"SERVER"}
{"level":"info","message":"PUT /user/updateInfo 401 1389 5.452ms","tag":"API"}
{"level":"info","message":"Server is running at http://localhost:3070","tag":"SERVER"}
{"level":"info","message":"PUT /user/updateInfo 401 1389 5.162ms","tag":"API"}
{"level":"info","message":"POST /auth/login 200 434 23.328ms","tag":"API"}
{"level":"info","message":"PUT /user/updateInfo 500 2847 7.311ms","tag":"API"}
{"level":"info","message":"Server is running at http://localhost:3070","tag":"SERVER"}
{"level":"info","message":"PUT /user/updateInfo 500 2773 24.053ms","tag":"API"}
{"level":"info","message":"POST /auth/login 200 434 12.933ms","tag":"API"}
{"level":"info","message":"PUT /user/updateInfo 500 2773 4.919ms","tag":"API"}
{"level":"info","message":"Server is running at http://localhost:3070","tag":"SERVER"}
{"level":"info","message":"Server is running at http://localhost:3070","tag":"SERVER"}
{"level":"info","message":"Server is running at http://localhost:3070","tag":"SERVER"}
{"level":"info","message":"Server is running at http://localhost:3070","tag":"SERVER"}
{"level":"info","message":"PUT /user/updateInfo 500 1591 27.065ms","tag":"API"}
{"level":"info","message":"PUT /user/updateInfo 500 1591 5.976ms","tag":"API"}
{"level":"info","message":"Server is running at http://localhost:3070","tag":"SERVER"}
{"level":"info","message":"Server is running at http://localhost:3070","tag":"SERVER"}
{"level":"info","message":"Server is running at http://localhost:3070","tag":"SERVER"}
{"level":"info","message":"PUT /user/updateInfo 500 1585 24.503ms","tag":"API"}
{"level":"info","message":"Server is running at http://localhost:3070","tag":"SERVER"}
{"level":"info","message":"POST /auth/register 200 331 49.958ms","tag":"API"}
{"level":"info","message":"POST /auth/register 400 388 3.815ms","tag":"API"}
{"level":"info","message":"POST /auth/login 200 434 13.064ms","tag":"API"}
{"level":"info","message":"Server is running at http://localhost:3070","tag":"SERVER"}
{"level":"info","message":"PUT /user/updateInfo 500 1591 24.758ms","tag":"API"}
{"level":"info","message":"Server is running at http://localhost:3070","tag":"SERVER"}
{"level":"info","message":"PUT /user/updateInfo 500 1585 21.863ms","tag":"API"}
{"level":"info","message":"Server is running at http://localhost:3070","tag":"SERVER"}
{"level":"info","message":"PUT /user/updateInfo 500 1585 24.166ms","tag":"API"}
{"level":"info","message":"PUT /user/updateInfo 500 1585 3.285ms","tag":"API"}
{"level":"info","message":"Server is running at http://localhost:3070","tag":"SERVER"}
{"level":"info","message":"Server is running at http://localhost:3070","tag":"SERVER"}
{"level":"info","message":"PUT /user/updateInfo 500 1591 63.919ms","tag":"API"}
{"level":"info","message":"Server is running at http://localhost:3070","tag":"SERVER"}
{"level":"info","message":"PUT /user/updateInfo 200 135 49.804ms","tag":"API"}
{"level":"info","message":"Server is running at http://localhost:3070","tag":"SERVER"}
{"level":"info","message":"Server is running at http://localhost:3070","tag":"SERVER"}
{"level":"info","message":"PUT /user/updateInfo 500 1591 36.312ms","tag":"API"}
{"level":"info","message":"Server is running at http://localhost:3070","tag":"SERVER"}
{"level":"info","message":"Server is running at http://localhost:3070","tag":"SERVER"}
{"level":"info","message":"Server is running at http://localhost:3070","tag":"SERVER"}
{"level":"info","message":"PUT /user/updateInfo 500 1585 31.526ms","tag":"API"}
{"level":"info","message":"Server is running at http://localhost:3070","tag":"SERVER"}
{"level":"info","message":"Server is running at http://localhost:3070","tag":"SERVER"}
{"level":"info","message":"Server is running at http://localhost:3070","tag":"SERVER"}
{"level":"info","message":"PUT /user/updateInfo 200 135 32.330ms","tag":"API"}
{"level":"info","message":"PUT /user/updateInfo 200 135 7.490ms","tag":"API"}
{"level":"info","message":"Server is running at http://localhost:3070","tag":"SERVER"}
{"level":"info","message":"Server is running at http://localhost:3070","tag":"SERVER"}
{"level":"info","message":"PUT /user/updateInfo 200 135 36.358ms","tag":"API"}
{"level":"info","message":"Server is running at http://localhost:3070","tag":"SERVER"}
{"level":"info","message":"Server is running at http://localhost:3070","tag":"SERVER"}
{"level":"info","message":"Server is running at http://localhost:3070","tag":"SERVER"}
{"level":"info","message":"Server is running at http://localhost:3070","tag":"SERVER"}
{"level":"info","message":"Server is running at http://localhost:3070","tag":"SERVER"}
{"level":"info","message":"PUT /user/updateInfo 200 135 44.115ms","tag":"API"}
{"level":"info","message":"Server is running at http://localhost:3070","tag":"SERVER"}
{"level":"info","message":"Server is running at http://localhost:3070","tag":"SERVER"}
{"level":"info","message":"Server is running at http://localhost:3070","tag":"SERVER"}
{"level":"info","message":"Server is running at http://localhost:3070","tag":"SERVER"}
{"level":"info","message":"Server is running at http://localhost:3070","tag":"SERVER"}
{"level":"info","message":"Server is running at http://localhost:3070","tag":"SERVER"}
{"level":"info","message":"Server is running at http://localhost:3070","tag":"SERVER"}
{"level":"info","message":"Server is running at http://localhost:3070","tag":"SERVER"}
{"level":"info","message":"Server is running at http://localhost:3070","tag":"SERVER"}
{"level":"info","message":"Server is running at http://localhost:3070","tag":"SERVER"}
{"level":"info","message":"Server is running at http://localhost:3070","tag":"SERVER"}
{"level":"info","message":"Server is running at http://localhost:3070","tag":"SERVER"}
{"level":"info","message":"Server is running at http://localhost:3070","tag":"SERVER"}
{"level":"info","message":"Server is running at http://localhost:3070","tag":"SERVER"}
{"level":"info","message":"Server is running at http://localhost:3070","tag":"SERVER"}
{"level":"info","message":"Server is running at http://localhost:3070","tag":"SERVER"}
{"level":"info","message":"Server is running at http://localhost:3070","tag":"SERVER"}
{"level":"info","message":"Server is running at http://localhost:3070","tag":"SERVER"}
{"level":"info","message":"Server is running at http://localhost:3070","tag":"SERVER"}
{"level":"info","message":"Server is running at http://localhost:3070","tag":"SERVER"}
{"level":"info","message":"Server is running at http://localhost:3070","tag":"SERVER"}
{"level":"info","message":"Server is running at http://localhost:3070","tag":"SERVER"}
{"level":"info","message":"Server is running at http://localhost:3070","tag":"SERVER"}
{"level":"info","message":"Server is running at http://localhost:3070","tag":"SERVER"}
{"level":"info","message":"Server is running at http://localhost:3070","tag":"SERVER"}
{"level":"info","message":"Server is running at http://localhost:3070","tag":"SERVER"}
{"level":"info","message":"Server is running at http://localhost:3070","tag":"SERVER"}
{"level":"info","message":"PUT /user/updateInfo 200 135 35.536ms","tag":"API"}
{"level":"info","message":"PUT /user/updateInfo 200 135 7.721ms","tag":"API"}
{"level":"info","message":"PUT /user/updateInfo 500 872 6.257ms","tag":"API"}
{"level":"info","message":"PUT /user/updateInfo 200 135 6.756ms","tag":"API"}
{"level":"info","message":"PUT /user/updateInfo 500 871 6.838ms","tag":"API"}
{"level":"info","message":"Server is running at http://localhost:3070","tag":"SERVER"}
{"level":"info","message":"Server is running at http://localhost:3070","tag":"SERVER"}
{"level":"info","message":"Server is running at http://localhost:3070","tag":"SERVER"}
{"level":"info","message":"PUT /user/updateInfo 400 779 35.611ms","tag":"API"}
{"level":"info","message":"PUT /user/updateInfo 200 135 4.751ms","tag":"API"}
{"level":"info","message":"PUT /user/updateInfo 200 135 4.291ms","tag":"API"}
{"level":"info","message":"PUT /user/updateInfo 200 135 3.926ms","tag":"API"}
{"level":"info","message":"Server is running at http://localhost:3070","tag":"SERVER"}
{"level":"info","message":"PUT /user/updateInfo 200 135 35.599ms","tag":"API"}
{"level":"info","message":"PUT /user/updateInfo 200 135 6.292ms","tag":"API"}
{"level":"info","message":"Server is running at http://localhost:3070","tag":"SERVER"}
{"level":"info","message":"Server is running at http://localhost:3070","tag":"SERVER"}
{"level":"info","message":"PUT /user/updateInfo 200 135 37.563ms","tag":"API"}
{"level":"info","message":"Server is running at http://localhost:3070","tag":"SERVER"}
{"level":"info","message":"Server is running at http://localhost:3070","tag":"SERVER"}
{"level":"info","message":"Server is running at http://localhost:3070","tag":"SERVER"}
{"level":"info","message":"PUT /user/updateInfo 400 770 37.447ms","tag":"API"}
{"level":"info","message":"Server is running at http://localhost:3070","tag":"SERVER"}
{"level":"info","message":"Server is running at http://localhost:3070","tag":"SERVER"}
{"level":"info","message":"Server is running at http://localhost:3070","tag":"SERVER"}
{"level":"info","message":"Server is running at http://localhost:3070","tag":"SERVER"}
{"level":"info","message":"Server is running at http://localhost:3070","tag":"SERVER"}
{"level":"info","message":"Server is running at http://localhost:3070","tag":"SERVER"}
{"level":"info","message":"Server is running at http://localhost:3070","tag":"SERVER"}
{"level":"info","message":"Server is running at http://localhost:3070","tag":"SERVER"}
{"level":"info","message":"Server is running at http://localhost:3070","tag":"SERVER"}
{"level":"info","message":"Server is running at http://localhost:3070","tag":"SERVER"}
{"level":"info","message":"Server is running at http://localhost:3070","tag":"SERVER"}
{"level":"info","message":"Server is running at http://localhost:3070","tag":"SERVER"}
{"level":"info","message":"Server is running at http://localhost:3070","tag":"SERVER"}
{"level":"info","message":"Server is running at http://localhost:3070","tag":"SERVER"}
{"level":"info","message":"Server is running at http://localhost:3070","tag":"SERVER"}
{"level":"info","message":"Server is running at http://localhost:3070","tag":"SERVER"}
{"level":"info","message":"Server is running at http://localhost:3070","tag":"SERVER"}
{"level":"info","message":"Server is running at http://localhost:3070","tag":"SERVER"}
{"level":"info","message":"PUT /user/updateInfo 500 781 41.031ms","tag":"API"}
{"level":"info","message":"Server is running at http://localhost:3070","tag":"SERVER"}
{"level":"info","message":"Server is running at http://localhost:3070","tag":"SERVER"}
{"level":"info","message":"Server is running at http://localhost:3070","tag":"SERVER"}
{"level":"info","message":"Server is running at http://localhost:3070","tag":"SERVER"}
{"level":"info","message":"Server is running at http://localhost:3070","tag":"SERVER"}
{"level":"info","message":"Server is running at http://localhost:3070","tag":"SERVER"}
{"level":"info","message":"Server is running at http://localhost:3070","tag":"SERVER"}
{"level":"info","message":"PUT /user/updateInfo 500 842 35.938ms","tag":"API"}
{"level":"info","message":"Server is running at http://localhost:3070","tag":"SERVER"}
{"level":"info","message":"Server is running at http://localhost:3070","tag":"SERVER"}
{"level":"info","message":"Server is running at http://localhost:3070","tag":"SERVER"}
{"level":"info","message":"Server is running at http://localhost:3070","tag":"SERVER"}
{"level":"info","message":"PUT /user/updateInfo 200 134 36.339ms","tag":"API"}
{"level":"info","message":"Server is running at http://localhost:3070","tag":"SERVER"}
{"level":"info","message":"Server is running at http://localhost:3070","tag":"SERVER"}
{"level":"info","message":"Server is running at http://localhost:3070","tag":"SERVER"}
{"level":"info","message":"Server is running at http://localhost:3070","tag":"SERVER"}
{"level":"info","message":"Server is running at http://localhost:3070","tag":"SERVER"}
{"level":"info","message":"Server is running at http://localhost:3070","tag":"SERVER"}
{"level":"info","message":"PUT /user/updateInfo 200 134 40.352ms","tag":"API"}
{"level":"info","message":"Server is running at http://localhost:3070","tag":"SERVER"}
{"level":"info","message":"Server is running at http://localhost:3070","tag":"SERVER"}
{"level":"info","message":"PUT /user/updateInfo 200 134 66.615ms","tag":"API"}
{"level":"info","message":"Server is running at http://localhost:3070","tag":"SERVER"}
{"level":"info","message":"PUT /user/updateInfo 200 134 45.864ms","tag":"API"}
{"level":"info","message":"Server is running at http://localhost:3070","tag":"SERVER"}
{"level":"info","message":"Server is running at http://localhost:3070","tag":"SERVER"}
{"level":"info","message":"Server is running at http://localhost:3070","tag":"SERVER"}
{"level":"info","message":"PUT /user/updateInfo 200 134 37.241ms","tag":"API"}
{"level":"info","message":"Server is running at http://localhost:3070","tag":"SERVER"}
{"level":"info","message":"Server is running at http://localhost:3070","tag":"SERVER"}
{"level":"info","message":"Server is running at http://localhost:3070","tag":"SERVER"}
{"level":"info","message":"Server is running at http://localhost:3070","tag":"SERVER"}
{"level":"info","message":"Server is running at http://localhost:3070","tag":"SERVER"}
{"level":"info","message":"PUT /user/updateInfo 500 1729 59.397ms","tag":"API"}
{"level":"info","message":"Server is running at http://localhost:3070","tag":"SERVER"}
{"level":"info","message":"Server is running at http://localhost:3070","tag":"SERVER"}
{"level":"info","message":"PUT /user/updateInfo 500 1729 51.653ms","tag":"API"}
{"level":"info","message":"Server is running at http://localhost:3070","tag":"SERVER"}
{"level":"info","message":"PUT /user/updateInfo 500 1729 48.630ms","tag":"API"}
{"level":"info","message":"Server is running at http://localhost:3070","tag":"SERVER"}
{"level":"info","message":"Server is running at http://localhost:3070","tag":"SERVER"}
{"level":"info","message":"Server is running at http://localhost:3070","tag":"SERVER"}
{"level":"info","message":"Server is running at http://localhost:3070","tag":"SERVER"}
{"level":"info","message":"PUT /user/updateInfo 500 1729 47.646ms","tag":"API"}
{"level":"info","message":"Server is running at http://localhost:3070","tag":"SERVER"}
{"level":"info","message":"Server is running at http://localhost:3070","tag":"SERVER"}
{"level":"info","message":"PUT /user/updateInfo 200 372 82.397ms","tag":"API"}
{"level":"info","message":"Server is running at http://localhost:3070","tag":"SERVER"}
{"level":"info","message":"Server is running at http://localhost:3070","tag":"SERVER"}
{"level":"info","message":"Server is running at http://localhost:3070","tag":"SERVER"}
{"level":"info","message":"Server is running at http://localhost:3070","tag":"SERVER"}
{"level":"info","message":"Server is running at http://localhost:3070","tag":"SERVER"}
{"level":"info","message":"Server is running at http://localhost:3070","tag":"SERVER"}
{"level":"info","message":"Server is running at http://localhost:3070","tag":"SERVER"}
{"level":"info","message":"PUT /user/updateInfo 500 781 63.796ms","tag":"API"}
{"level":"info","message":"Server is running at http://localhost:3070","tag":"SERVER"}
{"level":"info","message":"Server is running at http://localhost:3070","tag":"SERVER"}
{"level":"info","message":"Server is running at http://localhost:3070","tag":"SERVER"}
{"level":"info","message":"PUT /user/updateInfo 200 426 79.265ms","tag":"API"}
{"level":"info","message":"Server is running at http://localhost:3070","tag":"SERVER"}
{"level":"info","message":"Server is running at http://localhost:3070","tag":"SERVER"}
{"level":"info","message":"Server is running at http://localhost:3070","tag":"SERVER"}
{"level":"info","message":"Server is running at http://localhost:3070","tag":"SERVER"}
{"level":"info","message":"Server is running at http://localhost:3070","tag":"SERVER"}
{"level":"info","message":"PUT /user/updateInfo 200 352 79.551ms","tag":"API"}
{"level":"info","message":"Server is running at http://localhost:3070","tag":"SERVER"}
{"level":"info","message":"PUT /user/updateInfo 200 352 59.198ms","tag":"API"}
{"level":"info","message":"Server is running at http://localhost:3070","tag":"SERVER"}
{"level":"info","message":"Server is running at http://localhost:3070","tag":"SERVER"}
{"level":"info","message":"Server is running at http://localhost:3070","tag":"SERVER"}
{"level":"info","message":"Server is running at http://localhost:3070","tag":"SERVER"}
{"level":"info","message":"Server is running at http://localhost:3070","tag":"SERVER"}
{"level":"info","message":"Server is running at http://localhost:3070","tag":"SERVER"}
{"level":"info","message":"Server is running at http://localhost:3070","tag":"SERVER"}
{"level":"info","message":"Server is running at http://localhost:3070","tag":"SERVER"}
{"level":"info","message":"Server is running at http://localhost:3070","tag":"SERVER"}
{"level":"info","message":"Server is running at http://localhost:3070","tag":"SERVER"}
{"level":"info","message":"Server is running at http://localhost:3070","tag":"SERVER"}
{"level":"info","message":"Server is running at http://localhost:3070","tag":"SERVER"}
{"level":"info","message":"Server is running at http://localhost:3070","tag":"SERVER"}
{"level":"info","message":"Server is running at http://localhost:3070","tag":"SERVER"}
{"level":"info","message":"Server is running at http://localhost:3070","tag":"SERVER"}
{"level":"info","message":"Server is running at http://localhost:3070","tag":"SERVER"}
{"level":"info","message":"Server is running at http://localhost:3070","tag":"SERVER"}
{"level":"info","message":"Server is running at http://localhost:3070","tag":"SERVER"}
{"level":"info","message":"Server is running at http://localhost:3070","tag":"SERVER"}
{"level":"info","message":"Server is running at http://localhost:3070","tag":"SERVER"}
{"level":"info","message":"Server is running at http://localhost:3070","tag":"SERVER"}
{"level":"info","message":"Server is running at http://localhost:3070","tag":"SERVER"}
{"level":"info","message":"Server is running at http://localhost:3070","tag":"SERVER"}
{"level":"info","message":"Server is running at http://localhost:3070","tag":"SERVER"}
{"level":"info","message":"Server is running at http://localhost:3070","tag":"SERVER"}
{"level":"info","message":"Server is running at http://localhost:3070","tag":"SERVER"}
{"level":"info","message":"Server is running at http://localhost:3070","tag":"SERVER"}
{"level":"info","message":"Server is running at http://localhost:3070","tag":"SERVER"}
{"level":"info","message":"Server is running at http://localhost:3070","tag":"SERVER"}
{"level":"info","message":"Server is running at http://localhost:3070","tag":"SERVER"}
{"level":"info","message":"Server is running at http://localhost:3070","tag":"SERVER"}
{"level":"info","message":"Server is running at http://localhost:3070","tag":"SERVER"}
{"level":"info","message":"Server is running at http://localhost:3070","tag":"SERVER"}
{"level":"info","message":"Server is running at http://localhost:3070","tag":"SERVER"}
{"level":"info","message":"Server is running at http://localhost:3070","tag":"SERVER"}
{"level":"info","message":"Server is running at http://localhost:3070","tag":"SERVER"}
{"level":"info","message":"Server is running at http://localhost:3070","tag":"SERVER"}
{"level":"info","message":"Server is running at http://localhost:3070","tag":"SERVER"}
{"level":"info","message":"Server is running at http://localhost:3070","tag":"SERVER"}
{"level":"info","message":"Server is running at http://localhost:3070","tag":"SERVER"}
{"level":"info","message":"Server is running at http://localhost:3070","tag":"SERVER"}
{"level":"info","message":"Server is running at http://localhost:3070","tag":"SERVER"}
{"level":"info","message":"Server is running at http://localhost:3070","tag":"SERVER"}
{"level":"info","message":"Server is running at http://localhost:3070","tag":"SERVER"}
{"level":"info","message":"Server is running at http://localhost:3070","tag":"SERVER"}
{"level":"info","message":"Server is running at http://localhost:3070","tag":"SERVER"}
{"level":"info","message":"Server is running at http://localhost:3070","tag":"SERVER"}
{"level":"info","message":"Server is running at http://localhost:3070","tag":"SERVER"}
{"level":"info","message":"Server is running at http://localhost:3070","tag":"SERVER"}
{"level":"info","message":"Server is running at http://localhost:3070","tag":"SERVER"}
{"level":"info","message":"Server is running at http://localhost:3070","tag":"SERVER"}
{"level":"info","message":"Server is running at http://localhost:3070","tag":"SERVER"}
{"level":"info","message":"Server is running at http://localhost:3070","tag":"SERVER"}
{"level":"info","message":"Server is running at http://localhost:3070","tag":"SERVER"}
{"level":"info","message":"Server is running at http://localhost:3070","tag":"SERVER"}
{"level":"info","message":"Server is running at http://localhost:3070","tag":"SERVER"}
{"level":"info","message":"Server is running at http://localhost:3070","tag":"SERVER"}
{"level":"info","message":"Server is running at http://localhost:3070","tag":"SERVER"}
{"level":"info","message":"Server is running at http://localhost:3070","tag":"SERVER"}
{"level":"info","message":"Server is running at http://localhost:3070","tag":"SERVER"}
{"level":"info","message":"Server is running at http://localhost:3070","tag":"SERVER"}
{"level":"info","message":"Server is running at http://localhost:3070","tag":"SERVER"}
{"level":"info","message":"Server is running at http://localhost:3070","tag":"SERVER"}
{"level":"info","message":"Server is running at http://localhost:3070","tag":"SERVER"}
{"level":"info","message":"Server is running at http://localhost:3070","tag":"SERVER"}
{"level":"info","message":"Server is running at http://localhost:3070","tag":"SERVER"}
{"level":"info","message":"Server is running at http://localhost:3070","tag":"SERVER"}
{"level":"info","message":"Server is running at http://localhost:3070","tag":"SERVER"}
{"level":"info","message":"Server is running at http://localhost:3070","tag":"SERVER"}
{"level":"info","message":"PUT /user/updateInfo 500 1162 23.968ms","tag":"API"}
{"level":"info","message":"PUT /user/updateInfo 400 1239 20.556ms","tag":"API"}
{"level":"info","message":"PUT /user/updateInfo 500 1162 4.964ms","tag":"API"}
{"level":"info","message":"Server is running at http://localhost:3070","tag":"SERVER"}
{"level":"info","message":"Server is running at http://localhost:3070","tag":"SERVER"}
{"level":"info","message":"Server is running at http://localhost:3070","tag":"SERVER"}
{"level":"info","message":"Server is running at http://localhost:3070","tag":"SERVER"}
{"level":"info","message":"PUT /user/updateInfo 500 1297 37.298ms","tag":"API"}
{"level":"info","message":"Server is running at http://localhost:3070","tag":"SERVER"}
{"level":"info","message":"PUT /user/updateInfo 200 451 2017.382ms","tag":"API"}
{"level":"info","message":"PUT /user/updateInfo 200 451 2733.345ms","tag":"API"}
{"level":"info","message":"Server is running at http://localhost:3070","tag":"SERVER"}
{"level":"info","message":"Server is running at http://localhost:3070","tag":"SERVER"}
{"level":"info","message":"Server is running at http://localhost:3070","tag":"SERVER"}
{"level":"info","message":"Server is running at http://localhost:3070","tag":"SERVER"}
{"level":"info","message":"Server is running at http://localhost:3070","tag":"SERVER"}
{"level":"info","message":"Server is running at http://localhost:3070","tag":"SERVER"}
{"level":"info","message":"Server is running at http://localhost:3070","tag":"SERVER"}
{"level":"info","message":"Server is running at http://localhost:3070","tag":"SERVER"}
{"level":"info","message":"Server is running at http://localhost:3070","tag":"SERVER"}
{"level":"info","message":"Server is running at http://localhost:3070","tag":"SERVER"}
{"level":"info","message":"Server is running at http://localhost:3070","tag":"SERVER"}
{"level":"info","message":"Server is running at http://localhost:3070","tag":"SERVER"}
{"level":"info","message":"Server is running at http://localhost:3070","tag":"SERVER"}
{"level":"info","message":"Server is running at http://localhost:3070","tag":"SERVER"}
{"level":"info","message":"Server is running at http://localhost:3070","tag":"SERVER"}
{"level":"info","message":"Server is running at http://localhost:3070","tag":"SERVER"}
{"level":"info","message":"Server is running at http://localhost:3070","tag":"SERVER"}
{"level":"info","message":"Server is running at http://localhost:3070","tag":"SERVER"}
{"level":"info","message":"Server is running at http://localhost:3070","tag":"SERVER"}
{"level":"info","message":"Server is running at http://localhost:3070","tag":"SERVER"}
{"level":"info","message":"Server is running at http://localhost:3070","tag":"SERVER"}
{"level":"info","message":"Server is running at http://localhost:3070","tag":"SERVER"}
{"level":"info","message":"Server is running at http://localhost:3070","tag":"SERVER"}
{"level":"info","message":"Server is running at http://localhost:3070","tag":"SERVER"}
{"level":"info","message":"Server is running at http://localhost:3070","tag":"SERVER"}
{"level":"info","message":"Server is running at http://localhost:3070","tag":"SERVER"}
{"level":"info","message":"Server is running at http://localhost:3070","tag":"SERVER"}
{"level":"info","message":"Server is running at http://localhost:3070","tag":"SERVER"}
{"level":"info","message":"Server is running at http://localhost:3070","tag":"SERVER"}
{"level":"info","message":"Server is running at http://localhost:3070","tag":"SERVER"}
{"level":"info","message":"Server is running at http://localhost:3070","tag":"SERVER"}
{"level":"info","message":"Server is running at http://localhost:3070","tag":"SERVER"}
{"level":"info","message":"Server is running at http://localhost:3070","tag":"SERVER"}
{"level":"info","message":"Server is running at http://localhost:3070","tag":"SERVER"}
{"level":"info","message":"Server is running at http://localhost:3070","tag":"SERVER"}
{"level":"info","message":"Server is running at http://localhost:3070","tag":"SERVER"}
{"level":"info","message":"Server is running at http://localhost:3070","tag":"SERVER"}
{"level":"info","message":"Server is running at http://localhost:3070","tag":"SERVER"}
{"level":"info","message":"Server is running at http://localhost:3070","tag":"SERVER"}
{"level":"info","message":"Server is running at http://localhost:3070","tag":"SERVER"}
{"level":"info","message":"Server is running at http://localhost:3070","tag":"SERVER"}
{"level":"info","message":"Server is running at http://localhost:3070","tag":"SERVER"}
{"level":"info","message":"PUT /user/updateInfo 200 377 106.068ms","tag":"API"}
{"level":"info","message":"Server is running at http://localhost:3070","tag":"SERVER"}
{"level":"info","message":"Server is running at http://localhost:3070","tag":"SERVER"}
{"level":"info","message":"Server is running at http://localhost:3070","tag":"SERVER"}
{"level":"info","message":"PUT /user/updateInfo 200 386 119.490ms","tag":"API"}
{"level":"info","message":"PUT /user/updateInfo 200 386 28.790ms","tag":"API"}
{"level":"info","message":"Server is running at http://localhost:3070","tag":"SERVER"}
{"level":"info","message":"POST /auth/register 200 328 52.830ms","tag":"API"}
{"level":"info","message":"POST /auth/register 400 388 3.822ms","tag":"API"}
{"level":"info","message":"POST /auth/login 400 375 12.247ms","tag":"API"}
{"level":"info","message":"POST /auth/login 200 434 13.775ms","tag":"API"}
{"level":"info","message":"PUT /user/updateInfo 200 357 116.048ms","tag":"API"}
{"level":"info","message":"PUT /user/updateInfo 200 348 36.377ms","tag":"API"}
{"level":"info","message":"Server is running at http://localhost:3070","tag":"SERVER"}
{"level":"info","message":"PUT /user/updateInfo 200 348 86.866ms","tag":"API"}
{"level":"info","message":"Server is running at http://localhost:3070","tag":"SERVER"}
{"level":"info","message":"Server is running at http://localhost:3070","tag":"SERVER"}
{"level":"info","message":"PUT /user/updateInfo 200 348 90.247ms","tag":"API"}
{"level":"info","message":"Server is running at http://localhost:3070","tag":"SERVER"}
{"level":"info","message":"PUT /user/updateInfo 200 348 95.189ms","tag":"API"}
{"level":"info","message":"PUT /user/updateInfo 200 348 29.333ms","tag":"API"}
{"level":"info","message":"POST /auth/login 400 375 6.523ms","tag":"API"}
{"level":"info","message":"POST /auth/login 400 375 5.173ms","tag":"API"}
{"level":"info","message":"POST /auth/register 200 329 18.729ms","tag":"API"}
{"level":"info","message":"POST /auth/login 200 434 8.291ms","tag":"API"}
{"level":"info","message":"PUT /user/updateInfo 200 349 24.439ms","tag":"API"}
{"level":"info","message":"Server is running at http://localhost:3070","tag":"SERVER"}
{"level":"info","message":"Server is running at http://localhost:3070","tag":"SERVER"}
{"level":"info","message":"Server is running at http://localhost:3070","tag":"SERVER"}
{"level":"info","message":"PUT /user/updateInfo 200 349 85.596ms","tag":"API"}
{"level":"info","message":"Server is running at http://localhost:3070","tag":"SERVER"}
{"level":"info","message":"Server is running at http://localhost:3070","tag":"SERVER"}
{"level":"info","message":"Server is running at http://localhost:3070","tag":"SERVER"}
{"level":"info","message":"Server is running at http://localhost:3070","tag":"SERVER"}
{"level":"info","message":"Server is running at http://localhost:3070","tag":"SERVER"}
{"level":"info","message":"Server is running at http://localhost:3070","tag":"SERVER"}
{"level":"info","message":"Server is running at http://localhost:3070","tag":"SERVER"}
{"level":"info","message":"Server is running at http://localhost:3070","tag":"SERVER"}
{"level":"info","message":"Server is running at http://localhost:3070","tag":"SERVER"}
{"level":"info","message":"Server is running at http://localhost:3070","tag":"SERVER"}
{"level":"info","message":"Server is running at http://localhost:3070","tag":"SERVER"}
{"level":"info","message":"Server is running at http://localhost:3070","tag":"SERVER"}
{"level":"info","message":"PUT /user/updateInfo 200 349 88.100ms","tag":"API"}
{"level":"info","message":"Server is running at http://localhost:3070","tag":"SERVER"}
{"level":"info","message":"PUT /user/updateInfo 200 374 4457.950ms","tag":"API"}
{"level":"info","message":"Server is running at http://localhost:3070","tag":"SERVER"}
{"level":"info","message":"Server is running at http://localhost:3070","tag":"SERVER"}
{"level":"info","message":"Server is running at http://localhost:3070","tag":"SERVER"}
{"level":"info","message":"PUT /user/updateInfo 200 374 3055.753ms","tag":"API"}
{"level":"info","message":"PUT /user/updateInfo 200 374 2649.916ms","tag":"API"}
{"level":"info","message":"Server is running at http://localhost:3070","tag":"SERVER"}
{"level":"info","message":"Server is running at http://localhost:3070","tag":"SERVER"}
{"level":"info","message":"Server is running at http://localhost:3070","tag":"SERVER"}
{"level":"info","message":"Server is running at http://localhost:3070","tag":"SERVER"}
{"level":"info","message":"Server is running at http://localhost:3070","tag":"SERVER"}
{"level":"info","message":"Server is running at http://localhost:3070","tag":"SERVER"}
{"level":"info","message":"Server is running at http://localhost:3070","tag":"SERVER"}
{"level":"info","message":"Server is running at http://localhost:3070","tag":"SERVER"}
{"level":"info","message":"Server is running at http://localhost:3070","tag":"SERVER"}
{"level":"info","message":"Server is running at http://localhost:3070","tag":"SERVER"}
{"level":"info","message":"PUT /user/updateInfo 200 496 2739.628ms","tag":"API"}
{"level":"info","message":"Server is running at http://localhost:3070","tag":"SERVER"}
{"level":"info","message":"PUT /user/updateInfo 200 496 2558.236ms","tag":"API"}
{"level":"info","message":"Server is running at http://localhost:3070","tag":"SERVER"}
{"level":"info","message":"Server is running at http://localhost:3070","tag":"SERVER"}
{"level":"info","message":"Server is running at http://localhost:3070","tag":"SERVER"}
{"level":"info","message":"Server is running at http://localhost:3070","tag":"SERVER"}
{"level":"info","message":"Server is running at http://localhost:3070","tag":"SERVER"}
{"level":"info","message":"PUT /user/updateInfo 200 497 3034.931ms","tag":"API"}
{"level":"info","message":"Server is running at http://localhost:3070","tag":"SERVER"}
{"level":"info","message":"Server is running at http://localhost:3070","tag":"SERVER"}
{"level":"info","message":"Server is running at http://localhost:3070","tag":"SERVER"}
{"level":"info","message":"Server is running at http://localhost:3070","tag":"SERVER"}
{"level":"info","message":"Server is running at http://localhost:3070","tag":"SERVER"}
{"level":"info","message":"Server is running at http://localhost:3070","tag":"SERVER"}
{"level":"info","message":"Server is running at http://localhost:3070","tag":"SERVER"}
{"level":"info","message":"Server is running at http://localhost:3070","tag":"SERVER"}
{"level":"info","message":"Server is running at http://localhost:3070","tag":"SERVER"}
{"level":"info","message":"Server is running at http://localhost:3070","tag":"SERVER"}
{"level":"info","message":"Server is running at http://localhost:3070","tag":"SERVER"}
{"level":"info","message":"Server is running at http://localhost:3070","tag":"SERVER"}
{"level":"info","message":"Server is running at http://localhost:3070","tag":"SERVER"}
{"level":"info","message":"Server is running at http://localhost:3070","tag":"SERVER"}
{"level":"info","message":"Server is running at http://localhost:3070","tag":"SERVER"}
{"level":"info","message":"Server is running at http://localhost:3070","tag":"SERVER"}
{"level":"info","message":"Server is running at http://localhost:3070","tag":"SERVER"}
{"level":"info","message":"Server is running at http://localhost:3070","tag":"SERVER"}
{"level":"info","message":"POST /user/uploadImages 200 129 45.182ms","tag":"API"}
{"level":"info","message":"Server is running at http://localhost:3070","tag":"SERVER"}
{"level":"info","message":"Server is running at http://localhost:3070","tag":"SERVER"}
{"level":"info","message":"Server is running at http://localhost:3070","tag":"SERVER"}
{"level":"info","message":"Server is running at http://localhost:3070","tag":"SERVER"}
{"level":"info","message":"Server is running at http://localhost:3070","tag":"SERVER"}
{"level":"info","message":"Server is running at http://localhost:3070","tag":"SERVER"}
{"level":"info","message":"Server is running at http://localhost:3070","tag":"SERVER"}
{"level":"info","message":"Server is running at http://localhost:3070","tag":"SERVER"}
{"level":"info","message":"Server is running at http://localhost:3070","tag":"SERVER"}
{"level":"info","message":"Server is running at http://localhost:3070","tag":"SERVER"}
{"level":"info","message":"Server is running at http://localhost:3070","tag":"SERVER"}
{"level":"info","message":"Server is running at http://localhost:3070","tag":"SERVER"}
{"level":"info","message":"Server is running at http://localhost:3070","tag":"SERVER"}
{"level":"info","message":"Server is running at http://localhost:3070","tag":"SERVER"}
{"level":"info","message":"Server is running at http://localhost:3070","tag":"SERVER"}
{"level":"info","message":"Server is running at http://localhost:3070","tag":"SERVER"}
{"level":"info","message":"Server is running at http://localhost:3070","tag":"SERVER"}
{"level":"info","message":"Server is running at http://localhost:3070","tag":"SERVER"}
{"level":"info","message":"Server is running at http://localhost:3070","tag":"SERVER"}
{"level":"info","message":"Server is running at http://localhost:3070","tag":"SERVER"}
{"level":"info","message":"Server is running at http://localhost:3070","tag":"SERVER"}
{"level":"info","message":"Server is running at http://localhost:3070","tag":"SERVER"}
{"level":"info","message":"Server is running at http://localhost:3070","tag":"SERVER"}
{"level":"info","message":"Server is running at http://localhost:3070","tag":"SERVER"}
{"level":"info","message":"Server is running at http://localhost:3070","tag":"SERVER"}
{"level":"info","message":"Server is running at http://localhost:3070","tag":"SERVER"}
{"level":"info","message":"Server is running at http://localhost:3070","tag":"SERVER"}
{"level":"info","message":"Server is running at http://localhost:3070","tag":"SERVER"}
{"level":"info","message":"Server is running at http://localhost:3070","tag":"SERVER"}
{"level":"info","message":"Server is running at http://localhost:3070","tag":"SERVER"}
{"level":"info","message":"Server is running at http://localhost:3070","tag":"SERVER"}
{"level":"info","message":"Server is running at http://localhost:3070","tag":"SERVER"}
{"level":"info","message":"Server is running at http://localhost:3070","tag":"SERVER"}
{"level":"info","message":"Server is running at http://localhost:3070","tag":"SERVER"}
{"level":"info","message":"Server is running at http://localhost:3070","tag":"SERVER"}
{"level":"info","message":"POST /user/uploadImages 500 1252 33.068ms","tag":"API"}
{"level":"info","message":"Server is running at http://localhost:3070","tag":"SERVER"}
{"level":"info","message":"POST /user/uploadImages 500 1696 2684.702ms","tag":"API"}
{"level":"info","message":"Server is running at http://localhost:3070","tag":"SERVER"}
{"level":"info","message":"POST /user/uploadImages 200 347 2588.979ms","tag":"API"}
{"level":"info","message":"POST /user/uploadImages 200 347 3690.715ms","tag":"API"}
{"level":"info","message":"Server is running at http://localhost:3070","tag":"SERVER"}
{"level":"info","message":"Server is running at http://localhost:3070","tag":"SERVER"}
{"level":"info","message":"Server is running at http://localhost:3070","tag":"SERVER"}
{"level":"info","message":"Server is running at http://localhost:3070","tag":"SERVER"}
{"level":"info","message":"Server is running at http://localhost:3070","tag":"SERVER"}
{"level":"info","message":"Server is running at http://localhost:3070","tag":"SERVER"}
{"level":"info","message":"Server is running at http://localhost:3070","tag":"SERVER"}
{"level":"info","message":"Server is running at http://localhost:3070","tag":"SERVER"}
{"level":"info","message":"Server is running at http://localhost:3070","tag":"SERVER"}
{"level":"info","message":"POST /user/uploadImages 500 396 2528.344ms","tag":"API"}
{"level":"info","message":"Server is running at http://localhost:3070","tag":"SERVER"}
{"level":"info","message":"POST /user/uploadImages 200 456 3198.204ms","tag":"API"}
{"level":"info","message":"Server is running at http://localhost:3070","tag":"SERVER"}
{"level":"info","message":"POST /user/uploadImages 200 474 2434.966ms","tag":"API"}
{"level":"info","message":"Server is running at http://localhost:3070","tag":"SERVER"}
{"level":"info","message":"GET /user/getInfo 404 151 2.684ms","tag":"API"}
{"level":"info","message":"Server is running at http://localhost:3070","tag":"SERVER"}
{"level":"info","message":"Server is running at http://localhost:3070","tag":"SERVER"}
{"level":"info","message":"GET /user/getInfo 200 125 63.672ms","tag":"API"}
{"level":"info","message":"Server is running at http://localhost:3070","tag":"SERVER"}
{"level":"info","message":"GET /user/getInfo 200 125 19.972ms","tag":"API"}
{"level":"info","message":"Server is running at http://localhost:3070","tag":"SERVER"}
{"level":"info","message":"Server is running at http://localhost:3070","tag":"SERVER"}
{"level":"info","message":"Server is running at http://localhost:3070","tag":"SERVER"}
{"level":"info","message":"Server is running at http://localhost:3070","tag":"SERVER"}
{"level":"info","message":"Server is running at http://localhost:3070","tag":"SERVER"}
{"level":"info","message":"GET /user/getInfo 200 125 21.296ms","tag":"API"}
{"level":"info","message":"Server is running at http://localhost:3070","tag":"SERVER"}
{"level":"info","message":"Server is running at http://localhost:3070","tag":"SERVER"}
{"level":"info","message":"Server is running at http://localhost:3070","tag":"SERVER"}
{"level":"info","message":"Server is running at http://localhost:3070","tag":"SERVER"}
{"level":"info","message":"Server is running at http://localhost:3070","tag":"SERVER"}
{"level":"info","message":"Server is running at http://localhost:3070","tag":"SERVER"}
{"level":"info","message":"Server is running at http://localhost:3070","tag":"SERVER"}
{"level":"info","message":"Server is running at http://localhost:3070","tag":"SERVER"}
{"level":"info","message":"Server is running at http://localhost:3070","tag":"SERVER"}
{"level":"info","message":"Server is running at http://localhost:3070","tag":"SERVER"}
{"level":"info","message":"Server is running at http://localhost:3070","tag":"SERVER"}
{"level":"info","message":"Server is running at http://localhost:3070","tag":"SERVER"}
{"level":"info","message":"Server is running at http://localhost:3070","tag":"SERVER"}
{"level":"info","message":"GET /user/getInfo 200 441 45.146ms","tag":"API"}
{"level":"info","message":"Server is running at http://localhost:3070","tag":"SERVER"}
{"level":"info","message":"Server is running at http://localhost:3070","tag":"SERVER"}
{"level":"info","message":"Server is running at http://localhost:3070","tag":"SERVER"}
{"level":"info","message":"Server is running at http://localhost:3070","tag":"SERVER"}
{"level":"info","message":"Server is running at http://localhost:3070","tag":"SERVER"}
{"level":"info","message":"Server is running at http://localhost:3070","tag":"SERVER"}
{"level":"info","message":"Server is running at http://localhost:3070","tag":"SERVER"}
{"level":"info","message":"Server is running at http://localhost:3070","tag":"SERVER"}
{"level":"info","message":"GET /user/getInfo 200 367 22.688ms","tag":"API"}
{"level":"info","message":"Server is running at http://localhost:3070","tag":"SERVER"}
{"level":"info","message":"GET /user/getInfo 200 367 32.255ms","tag":"API"}
{"level":"info","message":"GET /user/getInfo 200 367 5.800ms","tag":"API"}
{"level":"info","message":"GET /user/getInfo 200 367 5.623ms","tag":"API"}
{"level":"info","message":"GET /user/getInfo 200 367 6.766ms","tag":"API"}
{"level":"info","message":"GET /user/getInfo 200 367 6.616ms","tag":"API"}
{"level":"info","message":"GET /user/getInfo 200 367 10.110ms","tag":"API"}
{"level":"info","message":"POST /auth/login 200 434 11.696ms","tag":"API"}
{"level":"info","message":"GET /user/getInfo 200 367 5.728ms","tag":"API"}
{"level":"info","message":"GET /user/getInfo 200 367 5.767ms","tag":"API"}
{"level":"info","message":"GET /user/getInfo 500 1393 2.590ms","tag":"API"}
{"level":"info","message":"POST /auth/login 200 434 6.807ms","tag":"API"}
{"level":"info","message":"GET /user/getInfo 200 367 6.086ms","tag":"API"}
{"level":"info","message":"Server is running at http://localhost:3070","tag":"SERVER"}
{"level":"info","message":"Server is running at http://localhost:3070","tag":"SERVER"}
{"level":"info","message":"Server is running at http://localhost:3070","tag":"SERVER"}
{"level":"info","message":"Server is running at http://localhost:3070","tag":"SERVER"}
{"level":"info","message":"Server is running at http://localhost:3070","tag":"SERVER"}
{"level":"info","message":"Server is running at http://localhost:3070","tag":"SERVER"}
{"level":"info","message":"Server is running at http://localhost:3070","tag":"SERVER"}
{"level":"info","message":"Server is running at http://localhost:3070","tag":"SERVER"}
{"level":"info","message":"Server is running at http://localhost:3070","tag":"SERVER"}
{"level":"info","message":"Server is running at http://localhost:3070","tag":"SERVER"}
{"level":"info","message":"GET /user/getListImages 500 1393 7.629ms","tag":"API"}
{"level":"info","message":"POST /auth/login 200 434 29.537ms","tag":"API"}
{"level":"info","message":"GET /user/getListImages 200 144 5.505ms","tag":"API"}
{"level":"info","message":"Server is running at http://localhost:3070","tag":"SERVER"}
{"level":"info","message":"Server is running at http://localhost:3070","tag":"SERVER"}
{"level":"info","message":"Server is running at http://localhost:3070","tag":"SERVER"}
{"level":"info","message":"Server is running at http://localhost:3070","tag":"SERVER"}
{"level":"info","message":"Server is running at http://localhost:3070","tag":"SERVER"}
{"level":"info","message":"Server is running at http://localhost:3070","tag":"SERVER"}
{"level":"info","message":"Server is running at http://localhost:3070","tag":"SERVER"}
{"level":"info","message":"Server is running at http://localhost:3070","tag":"SERVER"}
{"level":"info","message":"Server is running at http://localhost:3070","tag":"SERVER"}
{"level":"info","message":"Server is running at http://localhost:3070","tag":"SERVER"}
{"level":"info","message":"Server is running at http://localhost:3070","tag":"SERVER"}
{"level":"info","message":"Server is running at http://localhost:3070","tag":"SERVER"}
{"level":"info","message":"Server is running at http://localhost:3070","tag":"SERVER"}
{"level":"info","message":"Server is running at http://localhost:3070","tag":"SERVER"}
{"level":"info","message":"Server is running at http://localhost:3070","tag":"SERVER"}
{"level":"info","message":"Server is running at http://localhost:3070","tag":"SERVER"}
{"level":"info","message":"Server is running at http://localhost:3070","tag":"SERVER"}
{"level":"info","message":"Server is running at http://localhost:3070","tag":"SERVER"}
{"level":"info","message":"Server is running at http://localhost:3070","tag":"SERVER"}
{"level":"info","message":"GET /user/getListImages 500 1393 4.683ms","tag":"API"}
{"level":"info","message":"POST /auth/login 200 434 19.252ms","tag":"API"}
{"level":"info","message":"GET /user/getListImages 200 363 11.398ms","tag":"API"}
{"level":"info","message":"POST /user/uploadImages 500 1393 2.217ms","tag":"API"}
{"level":"info","message":"POST /auth/login 200 434 10.591ms","tag":"API"}
{"level":"info","message":"POST /user/uploadImages 500 1224 10.322ms","tag":"API"}
{"level":"info","message":"POST /user/uploadImages 500 1393 2.056ms","tag":"API"}
{"level":"info","message":"POST /auth/login 200 434 9.998ms","tag":"API"}
{"level":"info","message":"POST /user/uploadImages 200 480 2402.609ms","tag":"API"}
{"level":"info","message":"POST /auth/login 200 434 7.613ms","tag":"API"}
{"level":"info","message":"POST /user/uploadImages 200 480 3196.084ms","tag":"API"}
{"level":"info","message":"GET /user/getListImages 200 833 8.198ms","tag":"API"}
{"level":"info","message":"Server is running at http://localhost:3070","tag":"SERVER"}
{"level":"info","message":"GET /user/getListImages 500 1393 4.665ms","tag":"API"}
{"level":"info","message":"POST /auth/login 200 434 20.034ms","tag":"API"}
{"level":"info","message":"GET /user/getListImages 200 833 9.470ms","tag":"API"}
{"level":"info","message":"Server is running at http://localhost:3070","tag":"SERVER"}
{"level":"info","message":"Server is running at http://localhost:3070","tag":"SERVER"}
{"level":"info","message":"Server is running at http://localhost:3070","tag":"SERVER"}
{"level":"info","message":"Server is running at http://localhost:3070","tag":"SERVER"}
{"level":"info","message":"Server is running at http://localhost:3070","tag":"SERVER"}
{"level":"info","message":"Server is running at http://localhost:3070","tag":"SERVER"}
{"level":"info","message":"Server is running at http://localhost:3070","tag":"SERVER"}
{"level":"info","message":"POST /auth/login 200 434 24.049ms","tag":"API"}
{"level":"info","message":"GET /user/getListImages 200 847 11.367ms","tag":"API"}
{"level":"info","message":"Server is running at http://localhost:3070","tag":"SERVER"}
{"level":"info","message":"Server is running at http://localhost:3070","tag":"SERVER"}
{"level":"info","message":"Server is running at http://localhost:3070","tag":"SERVER"}
{"level":"info","message":"Server is running at http://localhost:3070","tag":"SERVER"}
{"level":"info","message":"GET /user/getListImages 500 1393 4.796ms","tag":"API"}
{"level":"info","message":"POST /auth/login 200 434 27.939ms","tag":"API"}
{"level":"info","message":"GET /user/getListImages 200 839 10.822ms","tag":"API"}
{"level":"info","message":"Server is running at http://localhost:3070","tag":"SERVER"}
{"level":"info","message":"Server is running at http://localhost:3070","tag":"SERVER"}
{"level":"info","message":"Server is running at http://localhost:3070","tag":"SERVER"}
{"level":"info","message":"Server is running at http://localhost:3070","tag":"SERVER"}
{"level":"info","message":"POST /auth/login 200 434 22.590ms","tag":"API"}
{"level":"info","message":"GET /user/getListImages 200 839 11.102ms","tag":"API"}
{"level":"info","message":"Server is running at http://localhost:3070","tag":"SERVER"}
{"level":"info","message":"Server is running at http://localhost:3070","tag":"SERVER"}
{"level":"info","message":"Server is running at http://localhost:3070","tag":"SERVER"}
{"level":"info","message":"POST /auth/login 200 434 24.533ms","tag":"API"}
{"level":"info","message":"GET /user/getListImages 200 839 11.899ms","tag":"API"}
{"level":"info","message":"Server is running at http://localhost:3070","tag":"SERVER"}
{"level":"info","message":"Server is running at http://localhost:3070","tag":"SERVER"}
{"level":"info","message":"GET /user/getListImages 500 1393 4.644ms","tag":"API"}
{"level":"info","message":"POST /auth/login 200 434 20.814ms","tag":"API"}
{"level":"info","message":"GET /user/getListImages 200 839 6.973ms","tag":"API"}
{"level":"info","message":"Server is running at http://localhost:3070","tag":"SERVER"}
{"level":"info","message":"Server is running at http://localhost:3070","tag":"SERVER"}
{"level":"info","message":"Server is running at http://localhost:3070","tag":"SERVER"}
{"level":"info","message":"Server is running at http://localhost:3070","tag":"SERVER"}
{"level":"info","message":"Server is running at http://localhost:3070","tag":"SERVER"}
{"level":"info","message":"Server is running at http://localhost:3070","tag":"SERVER"}
{"level":"info","message":"Server is running at http://localhost:3070","tag":"SERVER"}
{"level":"info","message":"Server is running at http://localhost:3070","tag":"SERVER"}
{"level":"info","message":"Server is running at http://localhost:3070","tag":"SERVER"}
{"level":"info","message":"Server is running at http://localhost:3070","tag":"SERVER"}
{"level":"info","message":"Server is running at http://localhost:3070","tag":"SERVER"}
{"level":"info","message":"Server is running at http://localhost:3070","tag":"SERVER"}
{"level":"info","message":"Server is running at http://localhost:3070","tag":"SERVER"}
{"level":"info","message":"POST /auth/login 200 434 23.465ms","tag":"API"}
{"level":"info","message":"GET /user/getListImages 500 793 5.952ms","tag":"API"}
{"level":"info","message":"Server is running at http://localhost:3070","tag":"SERVER"}
{"level":"info","message":"Server is running at http://localhost:3070","tag":"SERVER"}
{"level":"info","message":"POST /auth/login 200 434 21.764ms","tag":"API"}
{"level":"info","message":"GET /user/getListImages 500 793 5.943ms","tag":"API"}
{"level":"info","message":"Server is running at http://localhost:3070","tag":"SERVER"}
{"level":"info","message":"Server is running at http://localhost:3070","tag":"SERVER"}
{"level":"info","message":"Server is running at http://localhost:3070","tag":"SERVER"}
{"level":"info","message":"POST /auth/login 200 434 25.895ms","tag":"API"}
{"level":"info","message":"GET /user/getListImages 500 1762 9.006ms","tag":"API"}
{"level":"info","message":"Server is running at http://localhost:3070","tag":"SERVER"}
{"level":"info","message":"POST /auth/login 200 434 24.193ms","tag":"API"}
{"level":"info","message":"GET /user/getListImages 500 1818 9.648ms","tag":"API"}
{"level":"info","message":"Server is running at http://localhost:3070","tag":"SERVER"}
{"level":"info","message":"Server is running at http://localhost:3070","tag":"SERVER"}
{"level":"info","message":"POST /auth/login 200 434 22.605ms","tag":"API"}
{"level":"info","message":"GET /user/getListImages 200 839 9.706ms","tag":"API"}
{"level":"info","message":"Server is running at http://localhost:3070","tag":"SERVER"}
{"level":"info","message":"GET /user/getListImages 500 1393 12.178ms","tag":"API"}
{"level":"info","message":"Server is running at http://localhost:3070","tag":"SERVER"}
{"level":"info","message":"Server is running at http://localhost:3070","tag":"SERVER"}
{"level":"info","message":"Server is running at http://localhost:3070","tag":"SERVER"}
{"level":"info","message":"Server is running at http://localhost:3070","tag":"SERVER"}
{"level":"info","message":"Server is running at http://localhost:3070","tag":"SERVER"}
{"level":"info","message":"GET /user/getListImages 500 1393 9.048ms","tag":"API"}
{"level":"info","message":"POST /auth/login 200 434 86.273ms","tag":"API"}
{"level":"info","message":"GET /user/getListImages 200 129 24.304ms","tag":"API"}
{"level":"info","message":"Server is running at http://localhost:3070","tag":"SERVER"}
{"level":"info","message":"GET /user/getListImages 500 1560 51.128ms","tag":"API"}
{"level":"info","message":"Server is running at http://localhost:3070","tag":"SERVER"}
{"level":"info","message":"Server is running at http://localhost:3070","tag":"SERVER"}
{"level":"info","message":"GET /user/getListImages 500 1560 38.824ms","tag":"API"}
{"level":"info","message":"Server is running at http://localhost:3070","tag":"SERVER"}
{"level":"info","message":"GET /user/getListImages 200 839 38.975ms","tag":"API"}
{"level":"info","message":"Server is running at http://localhost:3070","tag":"SERVER"}
{"level":"info","message":"Server is running at http://localhost:3070","tag":"SERVER"}
{"level":"info","message":"Server is running at http://localhost:3070","tag":"SERVER"}
{"level":"info","message":"Server is running at http://localhost:3070","tag":"SERVER"}
{"level":"info","message":"GET /user/getListImages 200 1844 53.070ms","tag":"API"}
{"level":"info","message":"Server is running at http://localhost:3070","tag":"SERVER"}
{"level":"info","message":"Server is running at http://localhost:3070","tag":"SERVER"}
{"level":"info","message":"Server is running at http://localhost:3070","tag":"SERVER"}
{"level":"info","message":"GET /user/getListImages 500 1564 42.139ms","tag":"API"}
{"level":"info","message":"Server is running at http://localhost:3070","tag":"SERVER"}
{"level":"info","message":"Server is running at http://localhost:3070","tag":"SERVER"}
{"level":"info","message":"Server is running at http://localhost:3070","tag":"SERVER"}
{"level":"info","message":"Server is running at http://localhost:3070","tag":"SERVER"}
{"level":"info","message":"GET /user/getListImages 200 944 38.544ms","tag":"API"}
{"level":"info","message":"Server is running at http://localhost:3070","tag":"SERVER"}
{"level":"info","message":"Server is running at http://localhost:3070","tag":"SERVER"}
{"level":"info","message":"Server is running at http://localhost:3070","tag":"SERVER"}
{"level":"info","message":"Server is running at http://localhost:3070","tag":"SERVER"}
{"level":"info","message":"GET /user/getListImages 200 985 39.474ms","tag":"API"}
{"level":"info","message":"Server is running at http://localhost:3070","tag":"SERVER"}
{"level":"info","message":"GET /user/getListImages 200 985 47.250ms","tag":"API"}
{"level":"info","message":"Server is running at http://localhost:3070","tag":"SERVER"}
{"level":"info","message":"GET /user/getListImages 200 991 44.964ms","tag":"API"}
{"level":"info","message":"Server is running at http://localhost:3070","tag":"SERVER"}
{"level":"info","message":"Server is running at http://localhost:3070","tag":"SERVER"}
{"level":"info","message":"Server is running at http://localhost:3070","tag":"SERVER"}
{"level":"info","message":"Server is running at http://localhost:3070","tag":"SERVER"}
{"level":"info","message":"GET /user/getListImages 200 987 45.859ms","tag":"API"}
{"level":"info","message":"POST /auth/register 200 329 45.774ms","tag":"API"}
{"level":"info","message":"POST /auth/login 200 434 26.355ms","tag":"API"}
{"level":"info","message":"POST /user/uploadImages 500 1224 26.993ms","tag":"API"}
{"level":"info","message":"POST /user/uploadImages 200 480 2732.524ms","tag":"API"}
{"level":"info","message":"POST /user/uploadImages 200 480 2478.791ms","tag":"API"}
{"level":"info","message":"POST /auth/register 200 327 28.813ms","tag":"API"}
{"level":"info","message":"POST /auth/register 400 388 3.783ms","tag":"API"}
{"level":"info","message":"POST /auth/login 200 434 8.571ms","tag":"API"}
{"level":"info","message":"POST /user/uploadImages 200 481 3994.365ms","tag":"API"}
{"level":"info","message":"GET /user/getListImages 200 414 10.117ms","tag":"API"}
{"level":"info","message":"POST /auth/login 200 434 9.422ms","tag":"API"}
{"level":"info","message":"GET /user/getListImages 200 685 9.268ms","tag":"API"}
{"level":"info","message":"Server is running at http://localhost:3070","tag":"SERVER"}
{"level":"info","message":"GET /user/getListImages 200 682 37.279ms","tag":"API"}
{"level":"info","message":"Server is running at http://localhost:3070","tag":"SERVER"}
{"level":"info","message":"Server is running at http://localhost:3070","tag":"SERVER"}
{"level":"info","message":"Server is running at http://localhost:3070","tag":"SERVER"}
{"level":"info","message":"Server is running at http://localhost:3070","tag":"SERVER"}
{"level":"info","message":"Server is running at http://localhost:3070","tag":"SERVER"}
{"level":"info","message":"Server is running at http://localhost:3070","tag":"SERVER"}
{"level":"info","message":"POST /user/uploadImage 200 481 2744.314ms","tag":"API"}
{"level":"info","message":"GET /user/getListImages 200 957 13.041ms","tag":"API"}
{"level":"info","message":"Server is running at http://localhost:3070","tag":"SERVER"}
{"level":"info","message":"GET /user/getListImages 200 924 54.991ms","tag":"API"}
{"level":"info","message":"Server is running at http://localhost:3070","tag":"SERVER"}
{"level":"info","message":"Server is running at http://localhost:3070","tag":"SERVER"}
{"level":"info","message":"Server is running at http://localhost:3070","tag":"SERVER"}
{"level":"info","message":"Server is running at http://localhost:3070","tag":"SERVER"}
{"level":"info","message":"Server is running at http://localhost:3070","tag":"SERVER"}
{"level":"info","message":"Server is running at http://localhost:3070","tag":"SERVER"}
{"level":"info","message":"Server is running at http://localhost:3070","tag":"SERVER"}
{"level":"info","message":"Server is running at http://localhost:3070","tag":"SERVER"}
{"level":"info","message":"Server is running at http://localhost:3070","tag":"SERVER"}
{"level":"info","message":"Server is running at http://localhost:3070","tag":"SERVER"}
{"level":"info","message":"Server is running at http://localhost:3070","tag":"SERVER"}
{"level":"info","message":"Server is running at http://localhost:3070","tag":"SERVER"}
{"level":"info","message":"Server is running at http://localhost:3070","tag":"SERVER"}
{"level":"info","message":"Server is running at http://localhost:3070","tag":"SERVER"}
{"level":"info","message":"Server is running at http://localhost:3070","tag":"SERVER"}
{"level":"info","message":"Server is running at http://localhost:3070","tag":"SERVER"}
{"level":"info","message":"GET /user/getListImages 500 2349 39.186ms","tag":"API"}
{"level":"info","message":"Server is running at http://localhost:3070","tag":"SERVER"}
{"level":"info","message":"Server is running at http://localhost:3070","tag":"SERVER"}
{"level":"info","message":"Server is running at http://localhost:3070","tag":"SERVER"}
{"level":"info","message":"Server is running at http://localhost:3070","tag":"SERVER"}
{"level":"info","message":"Server is running at http://localhost:3070","tag":"SERVER"}
{"level":"info","message":"Server is running at http://localhost:3070","tag":"SERVER"}
{"level":"info","message":"Server is running at http://localhost:3070","tag":"SERVER"}
{"level":"info","message":"GET /user/getListImages 200 635 38.791ms","tag":"API"}
{"level":"info","message":"Server is running at http://localhost:3070","tag":"SERVER"}
{"level":"info","message":"GET /user/getListImages 200 635 45.930ms","tag":"API"}
{"level":"info","message":"Server is running at http://localhost:3070","tag":"SERVER"}
{"level":"info","message":"Server is running at http://localhost:3070","tag":"SERVER"}
{"level":"info","message":"Server is running at http://localhost:3070","tag":"SERVER"}
{"level":"info","message":"GET /user/getListImages 200 660 45.500ms","tag":"API"}
{"level":"info","message":"Server is running at http://localhost:3070","tag":"SERVER"}
{"level":"info","message":"Server is running at http://localhost:3070","tag":"SERVER"}
{"level":"info","message":"Server is running at http://localhost:3070","tag":"SERVER"}
{"level":"info","message":"Server is running at http://localhost:3070","tag":"SERVER"}
{"level":"info","message":"Server is running at http://localhost:3070","tag":"SERVER"}
{"level":"info","message":"Server is running at http://localhost:3070","tag":"SERVER"}
{"level":"info","message":"Server is running at http://localhost:3070","tag":"SERVER"}
{"level":"info","message":"Server is running at http://localhost:3070","tag":"SERVER"}
{"level":"info","message":"Server is running at http://localhost:3070","tag":"SERVER"}
{"level":"info","message":"Server is running at http://localhost:3070","tag":"SERVER"}
{"level":"info","message":"Server is running at http://localhost:3070","tag":"SERVER"}
{"level":"info","message":"Server is running at http://localhost:3070","tag":"SERVER"}
{"level":"info","message":"Server is running at http://localhost:3070","tag":"SERVER"}
{"level":"info","message":"Server is running at http://localhost:3070","tag":"SERVER"}
{"level":"info","message":"Server is running at http://localhost:3070","tag":"SERVER"}
{"level":"info","message":"Server is running at http://localhost:3070","tag":"SERVER"}
{"level":"info","message":"Server is running at http://localhost:3070","tag":"SERVER"}
{"level":"info","message":"Server is running at http://localhost:3070","tag":"SERVER"}
{"level":"info","message":"Server is running at http://localhost:3070","tag":"SERVER"}
{"level":"info","message":"DELETE /user/deleteImageByUser 200 123 38.877ms","tag":"API"}
{"level":"info","message":"Server is running at http://localhost:3070","tag":"SERVER"}
{"level":"info","message":"Server is running at http://localhost:3070","tag":"SERVER"}
{"level":"info","message":"Server is running at http://localhost:3070","tag":"SERVER"}
{"level":"info","message":"Server is running at http://localhost:3070","tag":"SERVER"}
{"level":"info","message":"DELETE /user/deleteImageByUser 200 123 32.422ms","tag":"API"}
{"level":"info","message":"DELETE /user/deleteImageByUser?imageId=1 200 123 7.038ms","tag":"API"}
{"level":"info","message":"Server is running at http://localhost:3070","tag":"SERVER"}
{"level":"info","message":"Server is running at http://localhost:3070","tag":"SERVER"}
{"level":"info","message":"DELETE /user/deleteImageByUser?imageId=1 200 123 35.544ms","tag":"API"}
{"level":"info","message":"Server is running at http://localhost:3070","tag":"SERVER"}
{"level":"info","message":"DELETE /user/deleteImageByUser?imageId=1 200 123 69.109ms","tag":"API"}
{"level":"info","message":"Server is running at http://localhost:3070","tag":"SERVER"}
{"level":"info","message":"Server is running at http://localhost:3070","tag":"SERVER"}
{"level":"info","message":"DELETE /user/deleteImageByUser?imageId=1 404 164 4.165ms","tag":"API"}
{"level":"info","message":"DELETE /user/deleteImageByUser?imageId=10 404 164 1.520ms","tag":"API"}
{"level":"info","message":"Server is running at http://localhost:3070","tag":"SERVER"}
{"level":"info","message":"DELETE /user/deleteImageByUser?imageId=10 404 164 3.187ms","tag":"API"}
{"level":"info","message":"Server is running at http://localhost:3070","tag":"SERVER"}
{"level":"info","message":"Server is running at http://localhost:3070","tag":"SERVER"}
{"level":"info","message":"DELETE /user/deleteImageByUser?imageId=10 404 164 3.632ms","tag":"API"}
{"level":"info","message":"Server is running at http://localhost:3070","tag":"SERVER"}
{"level":"info","message":"DELETE /user/deleteImageByUser?imageId=10 404 164 3.637ms","tag":"API"}
{"level":"info","message":"Server is running at http://localhost:3070","tag":"SERVER"}
{"level":"info","message":"Server is running at http://localhost:3070","tag":"SERVER"}
{"level":"info","message":"Server is running at http://localhost:3070","tag":"SERVER"}
{"level":"info","message":"Server is running at http://localhost:3070","tag":"SERVER"}
{"level":"info","message":"DELETE /user/deleteImageByUser?imageId=10 404 164 3.467ms","tag":"API"}
{"level":"info","message":"DELETE /user/deleteImageByUser?imageId=%2210%22 404 164 1.591ms","tag":"API"}
{"level":"info","message":"DELETE /user/deleteImageByUser/10 200 123 37.268ms","tag":"API"}
{"level":"info","message":"Server is running at http://localhost:3070","tag":"SERVER"}
{"level":"info","message":"Server is running at http://localhost:3070","tag":"SERVER"}
{"level":"info","message":"Server is running at http://localhost:3070","tag":"SERVER"}
{"level":"info","message":"Server is running at http://localhost:3070","tag":"SERVER"}
{"level":"info","message":"DELETE /user/deleteImageByUser/10 500 890 33.635ms","tag":"API"}
{"level":"info","message":"Server is running at http://localhost:3070","tag":"SERVER"}
{"level":"info","message":"DELETE /user/deleteImageByUser/10 200 123 35.919ms","tag":"API"}
{"level":"info","message":"Server is running at http://localhost:3070","tag":"SERVER"}
{"level":"info","message":"Server is running at http://localhost:3070","tag":"SERVER"}
{"level":"info","message":"Server is running at http://localhost:3070","tag":"SERVER"}
{"level":"info","message":"Server is running at http://localhost:3070","tag":"SERVER"}
{"level":"info","message":"Server is running at http://localhost:3070","tag":"SERVER"}
{"level":"info","message":"Server is running at http://localhost:3070","tag":"SERVER"}
{"level":"info","message":"Server is running at http://localhost:3070","tag":"SERVER"}
{"level":"info","message":"Server is running at http://localhost:3070","tag":"SERVER"}
{"level":"info","message":"Server is running at http://localhost:3070","tag":"SERVER"}
{"level":"info","message":"Server is running at http://localhost:3070","tag":"SERVER"}
{"level":"info","message":"Server is running at http://localhost:3070","tag":"SERVER"}
{"level":"info","message":"Server is running at http://localhost:3070","tag":"SERVER"}
{"level":"info","message":"Server is running at http://localhost:3070","tag":"SERVER"}
{"level":"info","message":"Server is running at http://localhost:3070","tag":"SERVER"}
{"level":"info","message":"Server is running at http://localhost:3070","tag":"SERVER"}
{"level":"info","message":"DELETE /user/deleteImageByUser/10 500 2842 46.128ms","tag":"API"}
{"level":"info","message":"Server is running at http://localhost:3070","tag":"SERVER"}
{"level":"info","message":"Server is running at http://localhost:3070","tag":"SERVER"}
{"level":"info","message":"Server is running at http://localhost:3070","tag":"SERVER"}
{"level":"info","message":"Server is running at http://localhost:3070","tag":"SERVER"}
{"level":"info","message":"Server is running at http://localhost:3070","tag":"SERVER"}
{"level":"info","message":"Server is running at http://localhost:3070","tag":"SERVER"}
{"level":"info","message":"DELETE /user/deleteImageByUser/10 500 1526 39.231ms","tag":"API"}
{"level":"info","message":"DELETE /user/deleteImageByUser/8 500 1522 9.730ms","tag":"API"}
{"level":"info","message":"Server is running at http://localhost:3070","tag":"SERVER"}
{"level":"info","message":"Server is running at http://localhost:3070","tag":"SERVER"}
{"level":"info","message":"Server is running at http://localhost:3070","tag":"SERVER"}
{"level":"info","message":"DELETE /user/deleteImageByUser/8 200 123 66.850ms","tag":"API"}
{"level":"info","message":"DELETE /user/deleteImageByUser/10 500 1342 15.383ms","tag":"API"}
{"level":"info","message":"Server is running at http://localhost:3070","tag":"SERVER"}
{"level":"info","message":"Server is running at http://localhost:3070","tag":"SERVER"}
{"level":"info","message":"Server is running at http://localhost:3070","tag":"SERVER"}
{"level":"info","message":"Server is running at http://localhost:3070","tag":"SERVER"}
{"level":"info","message":"Server is running at http://localhost:3070","tag":"SERVER"}
{"level":"info","message":"Server is running at http://localhost:3070","tag":"SERVER"}
{"level":"info","message":"Server is running at http://localhost:3070","tag":"SERVER"}
{"level":"info","message":"Server is running at http://localhost:3070","tag":"SERVER"}
{"level":"info","message":"Server is running at http://localhost:3070","tag":"SERVER"}
{"level":"info","message":"Server is running at http://localhost:3070","tag":"SERVER"}
{"level":"info","message":"Server is running at http://localhost:3070","tag":"SERVER"}
{"level":"info","message":"DELETE /user/deleteImageByUser/10 200 123 42.059ms","tag":"API"}
{"level":"info","message":"Server is running at http://localhost:3070","tag":"SERVER"}
{"level":"info","message":"Server is running at http://localhost:3070","tag":"SERVER"}
{"level":"info","message":"Server is running at http://localhost:3070","tag":"SERVER"}
{"level":"info","message":"Server is running at http://localhost:3070","tag":"SERVER"}
{"level":"info","message":"Server is running at http://localhost:3070","tag":"SERVER"}
{"level":"info","message":"Server is running at http://localhost:3070","tag":"SERVER"}
{"level":"info","message":"Server is running at http://localhost:3070","tag":"SERVER"}
{"level":"info","message":"Server is running at http://localhost:3070","tag":"SERVER"}
{"level":"info","message":"Server is running at http://localhost:3070","tag":"SERVER"}
{"level":"info","message":"Server is running at http://localhost:3070","tag":"SERVER"}
{"level":"info","message":"Server is running at http://localhost:3070","tag":"SERVER"}
{"level":"info","message":"Server is running at http://localhost:3070","tag":"SERVER"}
{"level":"info","message":"Server is running at http://localhost:3070","tag":"SERVER"}
{"level":"info","message":"Server is running at http://localhost:3070","tag":"SERVER"}
{"level":"info","message":"Server is running at http://localhost:3070","tag":"SERVER"}
{"level":"info","message":"Server is running at http://localhost:3070","tag":"SERVER"}
{"level":"info","message":"Server is running at http://localhost:3070","tag":"SERVER"}
{"level":"info","message":"Server is running at http://localhost:3070","tag":"SERVER"}
{"level":"info","message":"Server is running at http://localhost:3070","tag":"SERVER"}
{"level":"info","message":"Server is running at http://localhost:3070","tag":"SERVER"}
{"level":"info","message":"Server is running at http://localhost:3070","tag":"SERVER"}
{"level":"info","message":"Server is running at http://localhost:3070","tag":"SERVER"}
{"level":"info","message":"Server is running at http://localhost:3070","tag":"SERVER"}
{"level":"info","message":"Server is running at http://localhost:3070","tag":"SERVER"}
{"level":"info","message":"Server is running at http://localhost:3070","tag":"SERVER"}
{"level":"info","message":"Server is running at http://localhost:3070","tag":"SERVER"}
{"level":"info","message":"Server is running at http://localhost:3070","tag":"SERVER"}
{"level":"info","message":"Server is running at http://localhost:3070","tag":"SERVER"}
{"level":"info","message":"Server is running at http://localhost:3070","tag":"SERVER"}
{"level":"info","message":"Server is running at http://localhost:3070","tag":"SERVER"}
{"level":"info","message":"Server is running at http://localhost:3070","tag":"SERVER"}
{"level":"info","message":"Server is running at http://localhost:3070","tag":"SERVER"}
{"level":"info","message":"Server is running at http://localhost:3070","tag":"SERVER"}
{"level":"info","message":"Server is running at http://localhost:3070","tag":"SERVER"}
{"level":"info","message":"DELETE /user/deleteImageByUser/10 500 474 35.466ms","tag":"API"}
{"level":"info","message":"DELETE /user/deleteImageByUser/9 500 1490 13.363ms","tag":"API"}
{"level":"info","message":"Server is running at http://localhost:3070","tag":"SERVER"}
{"level":"info","message":"DELETE /user/deleteImageByUser/10 500 474 37.481ms","tag":"API"}
{"level":"info","message":"DELETE /user/deleteImageByUser/43 500 450 12.479ms","tag":"API"}
{"level":"info","message":"DELETE /user/deleteImageByUser/9 200 123 30.702ms","tag":"API"}
{"level":"info","message":"Server is running at http://localhost:3070","tag":"SERVER"}
{"level":"info","message":"Server is running at http://localhost:3070","tag":"SERVER"}
{"level":"info","message":"Server is running at http://localhost:3070","tag":"SERVER"}
{"level":"info","message":"Server is running at http://localhost:3070","tag":"SERVER"}
{"level":"info","message":"Server is running at http://localhost:3070","tag":"SERVER"}
{"level":"info","message":"Server is running at http://localhost:3070","tag":"SERVER"}
{"level":"info","message":"Server is running at http://localhost:3070","tag":"SERVER"}
{"level":"info","message":"Server is running at http://localhost:3070","tag":"SERVER"}
{"level":"info","message":"Server is running at http://localhost:3070","tag":"SERVER"}
{"level":"info","message":"DELETE /user/deleteImageByUser/9 500 446 29.538ms","tag":"API"}
{"level":"info","message":"DELETE /user/deleteImageByUser/9d 500 1371 25.455ms","tag":"API"}
{"level":"info","message":"DELETE /user/deleteImageByUser/10 500 474 9.840ms","tag":"API"}
{"level":"info","message":"DELETE /user/deleteImageByUser/14 500 446 7.549ms","tag":"API"}
{"level":"info","message":"DELETE /user/deleteImageByUser/11 200 123 30.175ms","tag":"API"}
{"level":"info","message":"Server is running at http://localhost:3070","tag":"SERVER"}
{"level":"info","message":"Server is running at http://localhost:3070","tag":"SERVER"}
{"level":"info","message":"Server is running at http://localhost:3070","tag":"SERVER"}
{"level":"info","message":"Server is running at http://localhost:3070","tag":"SERVER"}
{"level":"info","message":"Server is running at http://localhost:3070","tag":"SERVER"}
{"level":"info","message":"Server is running at http://localhost:3070","tag":"SERVER"}
{"level":"info","message":"Server is running at http://localhost:3070","tag":"SERVER"}
{"level":"info","message":"Server is running at http://localhost:3070","tag":"SERVER"}
{"level":"info","message":"Server is running at http://localhost:3070","tag":"SERVER"}
{"level":"info","message":"Server is running at http://localhost:3070","tag":"SERVER"}
{"level":"info","message":"Server is running at http://localhost:3070","tag":"SERVER"}
{"level":"info","message":"Server is running at http://localhost:3070","tag":"SERVER"}
{"level":"info","message":"Server is running at http://localhost:3070","tag":"SERVER"}
{"level":"info","message":"Server is running at http://localhost:3070","tag":"SERVER"}
{"level":"info","message":"DELETE /user/deleteImageByUser/11 500 446 37.947ms","tag":"API"}
{"level":"info","message":"POST /auth/login 200 434 12.263ms","tag":"API"}
{"level":"info","message":"DELETE /user/deleteImageByUser/11 500 446 7.244ms","tag":"API"}
{"level":"info","message":"DELETE /user/deleteImageByUser/10 500 1900 13.439ms","tag":"API"}
{"level":"info","message":"Server is running at http://localhost:3070","tag":"SERVER"}
{"level":"info","message":"PUT /user/deleteImageByUser/10 500 1900 42.063ms","tag":"API"}
{"level":"info","message":"Server is running at http://localhost:3070","tag":"SERVER"}
{"level":"info","message":"PUT /user/deleteImageByUser/10 200 123 75.108ms","tag":"API"}
{"level":"info","message":"Server is running at http://localhost:3070","tag":"SERVER"}
{"level":"info","message":"GET /user/getListImages 200 129 43.671ms","tag":"API"}
{"level":"info","message":"Server is running at http://localhost:3070","tag":"SERVER"}
{"level":"info","message":"GET /user/getListImages 200 129 44.327ms","tag":"API"}
{"level":"info","message":"PUT /user/deleteImageByUser/10 200 123 36.041ms","tag":"API"}
{"level":"info","message":"Server is running at http://localhost:3070","tag":"SERVER"}
{"level":"info","message":"Server is running at http://localhost:3070","tag":"SERVER"}
{"level":"info","message":"PUT /user/deleteImageByUser/10 200 365 63.224ms","tag":"API"}
